INFO [2022-10-21 14:00:20] $x
INFO [2022-10-21 14:00:20] candidates
INFO [2022-10-21 14:00:20] 
INFO [2022-10-21 14:00:20] $filename
INFO [2022-10-21 14:00:20] NULL
INFO [2022-10-21 14:00:20] 
INFO [2022-10-21 14:00:20] $col
INFO [2022-10-21 14:00:20] [1] "transparent"
INFO [2022-10-21 14:00:20] 
INFO [2022-10-21 14:00:20] $fill
INFO [2022-10-21 14:00:20] c("firebrick2", "darkorange", "firebrick4")
INFO [2022-10-21 14:00:20] 
INFO [2022-10-21 14:00:20] $alpha
INFO [2022-10-21 14:00:20] [1] 0.5
INFO [2022-10-21 14:00:20] 
INFO [2022-10-21 14:00:20] $cex
INFO [2022-10-21 14:00:20] [1] 2.5
INFO [2022-10-21 14:00:20] 
INFO [2022-10-21 14:00:20] $fontfamily
INFO [2022-10-21 14:00:20] [1] "sans"
INFO [2022-10-21 14:00:20] 
INFO [2022-10-21 14:00:20] $fontface
INFO [2022-10-21 14:00:20] [1] "bold"
INFO [2022-10-21 14:00:20] 
INFO [2022-10-21 14:00:20] $cat.default.pos
INFO [2022-10-21 14:00:20] [1] "text"
INFO [2022-10-21 14:00:20] 
INFO [2022-10-21 14:00:20] $cat.col
INFO [2022-10-21 14:00:20] c("firebrick3", "darkorange2", "black")
INFO [2022-10-21 14:00:20] 
INFO [2022-10-21 14:00:20] $cat.cex
INFO [2022-10-21 14:00:20] [1] 2.5
INFO [2022-10-21 14:00:20] 
INFO [2022-10-21 14:00:20] $cat.fontfamily
INFO [2022-10-21 14:00:20] [1] "sans"
INFO [2022-10-21 14:00:20] 
INFO [2022-10-21 14:00:20] $cat.dist
INFO [2022-10-21 14:00:20] c(0.08, 0.08, 0.08)
INFO [2022-10-21 14:00:20] 
INFO [2022-10-21 14:00:20] $cat.pos
INFO [2022-10-21 14:00:20] [1] 1
INFO [2022-10-21 14:00:20] 
